<?xml version="1.0" encoding="UTF-8"?>
<!-- Generated by org.testng.reporters.JUnitReportReporter -->
<testsuite hostname="Maria_Tenreiro" failures="0" tests="3" name="api.tests.DogApiTest" time="6.642" errors="0" timestamp="2026-05-17T08:57:08 EST" skipped="0">
  <testcase classname="api.tests.DogApiTest" name="validarDatosCuriososAleatorios" time="1.003"/>
  <testcase classname="api.tests.DogApiTest" name="validarColeccionDeRazas" time="4.586"/>
  <testcase classname="api.tests.DogApiTest" name="validarRazaEspecificaPorId" time="1.053"/>
</testsuite> <!-- api.tests.DogApiTest -->
