<?xml version="1.0" encoding="UTF-8"?>
<!-- Generated by org.testng.reporters.JUnitXMLReporter -->
<testsuite ignored="0" hostname="Maria_Tenreiro" failures="0" tests="3" name="Pruebas de Servicios Backend API" time="6.768" errors="0" timestamp="2026-05-17T08:57:08 EST">
  <testcase classname="api.tests.DogApiTest" name="validarColeccionDeRazas" time="4.586"/>
  <testcase classname="api.tests.DogApiTest" name="validarDatosCuriososAleatorios" time="1.003"/>
  <testcase classname="api.tests.DogApiTest" name="validarRazaEspecificaPorId" time="1.053"/>
</testsuite> <!-- Pruebas de Servicios Backend API -->
